<?xml version="1.0" encoding="UTF-8"?>
<!-- Generated by org.testng.reporters.JUnitXMLReporter -->
<testsuite ignored="0" hostname="LAPTOP-GCNLUC01" failures="0" tests="2" name="DataProvidersTest" time="37.312" errors="0" timestamp="2023-12-26T16:19:18 CET">
  <testcase classname="com.obsqura.test.CreateDeliveryBoyUsingDataProviders" name="createDeliverytBoy" time="7.172"/>
  <testcase classname="com.obsqura.test.CreateDeliveryBoyUsingDataProviders" name="createDeliverytBoy" time="9.614"/>
</testsuite> <!-- DataProvidersTest -->
