<?xml version="1.0" encoding="UTF-8"?>
<!-- Generated by org.testng.reporters.JUnitXMLReporter -->
<testsuite ignored="0" hostname="LAPTOP-GCNLUC01" failures="0" tests="2" name="DeliverBoyDP" time="55.317" errors="0" timestamp="2023-12-26T05:58:54 CET">
  <testcase classname="com.obsqura.test.CreateDeliveryBoyUsingDataProviders" name="createDeliverytBoy" time="11.046"/>
  <testcase classname="com.obsqura.test.CreateDeliveryBoyUsingDataProviders" name="createDeliverytBoy" time="13.321"/>
</testsuite> <!-- DeliverBoyDP -->
