<?xml version="1.0" encoding="UTF-8"?>
<testsuite xmlns:xsi="http://www.w3.org/2001/XMLSchema-instance" xsi:noNamespaceSchemaLocation="https://maven.apache.org/surefire/maven-surefire-plugin/xsd/surefire-test-report-3.0.xsd" version="3.0" name="TestSuite" time="58.261" tests="11" errors="0" skipped="0" failures="1">
  <properties>
[...]
</properties>
  <testcase name="verifyLogin" classname="com.obsqura.test.LoginTest" time="2.614">
    <system-out><![CDATA[Executing in UAT
Executing in UAT
Executing in UAT
Executing in UAT
I am in test
]]></system-out>
    <system-err><![CDATA[SLF4J: Failed to load class "org.slf4j.impl.StaticLoggerBinder".
SLF4J: Defaulting to no-operation (NOP) logger implementation
SLF4J: See http://www.slf4j.org/codes.html#StaticLoggerBinder for further details.
Dec 26, 2023 5:58:06 AM org.openqa.selenium.devtools.CdpVersionFinder findNearestMatch
WARNING: Unable to find an exact match for CDP version 120, returning the closest version; found: 118; Please update to a Selenium version that supports CDP version 120
Dec 26, 2023 5:58:06 AM org.openqa.selenium.devtools.CdpVersionFinder findNearestMatch
WARNING: Unable to find an exact match for CDP version 120, returning the closest version; found: 118; Please update to a Selenium version that supports CDP version 120
Dec 26, 2023 5:58:07 AM org.openqa.selenium.devtools.CdpVersionFinder findNearestMatch
WARNING: Unable to find an exact match for CDP version 120, returning the closest version; found: 118; Please update to a Selenium version that supports CDP version 120
Dec 26, 2023 5:58:09 AM org.openqa.selenium.devtools.CdpVersionFinder findNearestMatch
WARNING: Unable to find an exact match for CDP version 120, returning the closest version; found: 118; Please update to a Selenium version that supports CDP version 120
]]></system-err>
  </testcase>
  <testcase name="verifyLogin" classname="com.obsqura.test.LoginTest" time="6.971">
    <system-out><![CDATA[Executing in UAT
Executing in UAT
I am in test
]]></system-out>
    <system-err><![CDATA[Dec 26, 2023 5:58:26 AM org.openqa.selenium.devtools.CdpVersionFinder findNearestMatch
WARNING: Unable to find an exact match for CDP version 120, returning the closest version; found: 118; Please update to a Selenium version that supports CDP version 120
Dec 26, 2023 5:58:28 AM org.openqa.selenium.devtools.CdpVersionFinder findNearestMatch
WARNING: Unable to find an exact match for CDP version 120, returning the closest version; found: 118; Please update to a Selenium version that supports CDP version 120
Dec 26, 2023 5:58:28 AM org.openqa.selenium.devtools.CdpVersionFinder findNearestMatch
WARNING: Unable to find an exact match for CDP version 120, returning the closest version; found: 118; Please update to a Selenium version that supports CDP version 120
]]></system-err>
  </testcase>
  <testcase name="verifyLogin" classname="com.obsqura.test.LoginTest" time="2.161">
    <system-out><![CDATA[Executing in UAT
I am in test
I am in test
]]></system-out>
    <system-err><![CDATA[Dec 26, 2023 5:58:37 AM org.openqa.selenium.devtools.CdpVersionFinder findNearestMatch
WARNING: Unable to find an exact match for CDP version 120, returning the closest version; found: 118; Please update to a Selenium version that supports CDP version 120
]]></system-err>
  </testcase>
  <testcase name="verifyLogin" classname="com.obsqura.test.LoginTest" time="3.108">
    <system-out><![CDATA[Executing in UAT
]]></system-out>
  </testcase>
  <testcase name="verifyLogin" classname="com.obsqura.test.LoginTest" time="2.304">
    <system-out><![CDATA[Executing in UAT
I am in test
]]></system-out>
    <system-err><![CDATA[Dec 26, 2023 5:58:47 AM org.openqa.selenium.devtools.CdpVersionFinder findNearestMatch
WARNING: Unable to find an exact match for CDP version 120, returning the closest version; found: 118; Please update to a Selenium version that supports CDP version 120
]]></system-err>
  </testcase>
  <testcase name="verifyLogin" classname="com.obsqura.test.LoginTest" time="1.48">
    <system-out><![CDATA[I am in test
]]></system-out>
    <system-err><![CDATA[Dec 26, 2023 5:58:49 AM org.openqa.selenium.devtools.CdpVersionFinder findNearestMatch
WARNING: Unable to find an exact match for CDP version 120, returning the closest version; found: 118; Please update to a Selenium version that supports CDP version 120
]]></system-err>
  </testcase>
  <testcase name="verifyLogin" classname="com.obsqura.test.LoginTest" time="2.932"/>
  <testcase name="createDeliverytBoy[client26/12/2023 05:57:58, Jasna4243, 3316](1)" classname="com.obsqura.test.CreateDeliveryBoyUsingDataProviders" time="7.114">
    <system-out><![CDATA[Executing in UAT
]]></system-out>
    <system-err><![CDATA[Dec 26, 2023 5:58:22 AM org.openqa.selenium.devtools.CdpVersionFinder findNearestMatch
WARNING: Unable to find an exact match for CDP version 120, returning the closest version; found: 118; Please update to a Selenium version that supports CDP version 120
]]></system-err>
  </testcase>
  <testcase name="createDeliverytBoy[client26/12/2023 05:57:58, Jasna6907, 2126](2)" classname="com.obsqura.test.CreateDeliveryBoyUsingDataProviders" time="1.111">
    <system-out><![CDATA[I am in test
]]></system-out>
  </testcase>
  <testcase name="createDeliveryBoy" classname="com.obsqura.test.CreateDeliveryBoy" time="8.457">
    <system-out><![CDATA[Executing in UAT
]]></system-out>
  </testcase>
  <testcase name="ExpenseCategory" classname="com.obsqura.test.ManageExpenseTest" time="8.579">
    <failure message="null" type="java.lang.AssertionError"><![CDATA[java.lang.AssertionError: null
	at org.testng.Assert.fail(Assert.java:110)
	at org.testng.Assert.fail(Assert.java:115)
	at com.obsqura.test.ManageExpenseTest.ExpenseCategory(ManageExpenseTest.java:30)
	at java.base/jdk.internal.reflect.NativeMethodAccessorImpl.invoke0(Native Method)
	at java.base/jdk.internal.reflect.NativeMethodAccessorImpl.invoke(NativeMethodAccessorImpl.java:77)
	at java.base/jdk.internal.reflect.DelegatingMethodAccessorImpl.invoke(DelegatingMethodAccessorImpl.java:43)
	at java.base/java.lang.reflect.Method.invoke(Method.java:568)
	at org.testng.internal.invokers.MethodInvocationHelper.invokeMethod(MethodInvocationHelper.java:139)
	at org.testng.internal.invokers.TestInvoker.invokeMethod(TestInvoker.java:677)
	at org.testng.internal.invokers.TestInvoker.invokeTestMethod(TestInvoker.java:221)
	at org.testng.internal.invokers.MethodRunner.runInSequence(MethodRunner.java:50)
	at org.testng.internal.invokers.TestInvoker$MethodInvocationAgent.invoke(TestInvoker.java:962)
	at org.testng.internal.invokers.TestInvoker.invokeTestMethods(TestInvoker.java:194)
	at org.testng.internal.invokers.TestMethodWorker.invokeTestMethods(TestMethodWorker.java:148)
	at org.testng.internal.invokers.TestMethodWorker.run(TestMethodWorker.java:128)
	at java.base/java.util.ArrayList.forEach(ArrayList.java:1511)
	at org.testng.TestRunner.privateRun(TestRunner.java:806)
	at org.testng.TestRunner.run(TestRunner.java:601)
	at org.testng.SuiteRunner.runTest(SuiteRunner.java:433)
	at org.testng.SuiteRunner$SuiteWorker.run(SuiteRunner.java:471)
	at org.testng.internal.thread.ThreadUtil.lambda$execute$0(ThreadUtil.java:58)
	at java.base/java.util.concurrent.FutureTask.run(FutureTask.java:264)
	at java.base/java.util.concurrent.ThreadPoolExecutor.runWorker(ThreadPoolExecutor.java:1136)
	at java.base/java.util.concurrent.ThreadPoolExecutor$Worker.run(ThreadPoolExecutor.java:635)
	at java.base/java.lang.Thread.run(Thread.java:833)
]]></failure>
  </testcase>
</testsuite>