<?xml version="1.0" encoding="UTF-8"?>
<testng-results ignored="0" total="1" passed="1" failed="0" skipped="0">
  <reporter-output>
  </reporter-output>
  <suite started-at="2023-12-26T16:53:50 CET" name="Default suite" finished-at="2023-12-26T16:54:12 CET" duration-ms="21453">
    <groups>
    </groups>
    <test started-at="2023-12-26T16:53:50 CET" name="Default test" finished-at="2023-12-26T16:54:12 CET" duration-ms="21453">
      <class name="com.obsqura.test.CreateDeliveryBoy">
        <test-method is-config="true" signature="initDriver(java.lang.String)[pri:0, instance:com.obsqura.test.CreateDeliveryBoy@158d2680]" started-at="2023-12-26T16:53:50 CET" name="initDriver" finished-at="2023-12-26T16:54:01 CET" duration-ms="10973" status="PASS">
          <params>
            <param index="0">
              <value is-null="true"/>
            </param>
          </params>
          <reporter-output>
          </reporter-output>
        </test-method> <!-- initDriver -->
        <test-method signature="createDeliveryBoy()[pri:0, instance:com.obsqura.test.CreateDeliveryBoy@158d2680]" started-at="2023-12-26T16:54:01 CET" name="createDeliveryBoy" finished-at="2023-12-26T16:54:11 CET" duration-ms="10013" status="PASS">
          <reporter-output>
          </reporter-output>
        </test-method> <!-- createDeliveryBoy -->
        <test-method is-config="true" signature="tearDown()[pri:0, instance:com.obsqura.test.CreateDeliveryBoy@158d2680]" started-at="2023-12-26T16:54:11 CET" name="tearDown" finished-at="2023-12-26T16:54:12 CET" duration-ms="395" status="PASS">
          <reporter-output>
          </reporter-output>
        </test-method> <!-- tearDown -->
      </class> <!-- com.obsqura.test.CreateDeliveryBoy -->
    </test> <!-- Default test -->
  </suite> <!-- Default suite -->
</testng-results>
